This file contains any messages produced by compilers while
running configure, to aid debugging if configure makes a mistake.

It was created by libfprint configure 0.5.1, which was
generated by GNU Autoconf 2.69.  Invocation command line was

  $ ./configure --prefix=/usr

## --------- ##
## Platform. ##
## --------- ##

hostname = enock-OMEN-by-HP-Laptop
uname -m = x86_64
uname -r = 4.4.0-31-generic
uname -s = Linux
uname -v = #50-Ubuntu SMP Wed Jul 13 00:07:12 UTC 2016

/usr/bin/uname -p = unknown
/bin/uname -X     = unknown

/bin/arch              = unknown
/usr/bin/arch -k       = unknown
/usr/convex/getsysinfo = unknown
/usr/bin/hostinfo      = unknown
/bin/machine           = unknown
/usr/bin/oslevel       = unknown
/bin/universe          = unknown

PATH: /home/enock/bin
PATH: /home/enock/.local/bin
PATH: /usr/local/sbin
PATH: /usr/local/bin
PATH: /usr/sbin
PATH: /usr/bin
PATH: /sbin
PATH: /bin
PATH: /usr/games
PATH: /usr/local/games
PATH: /snap/bin
PATH: /opt/apache-maven-3.5.2/bin


## ----------- ##
## Core tests. ##
## ----------- ##

configure:2397: checking for a BSD-compatible install
configure:2465: result: /usr/bin/install -c
configure:2476: checking whether build environment is sane
configure:2531: result: yes
configure:2682: checking for a thread-safe mkdir -p
configure:2721: result: /bin/mkdir -p
configure:2728: checking for gawk
configure:2758: result: no
configure:2728: checking for mawk
configure:2744: found /usr/bin/mawk
configure:2755: result: mawk
configure:2766: checking whether make sets $(MAKE)
configure:2788: result: yes
configure:2817: checking whether make supports nested variables
configure:2834: result: yes
configure:2935: checking whether make supports nested variables
configure:2952: result: yes
configure:3013: checking for gcc
configure:3029: found /usr/bin/gcc
configure:3040: result: gcc
configure:3269: checking for C compiler version
configure:3278: gcc --version >&5
gcc (Ubuntu 5.4.0-6ubuntu1~16.04.5) 5.4.0 20160609
Copyright (C) 2015 Free Software Foundation, Inc.
This is free software; see the source for copying conditions.  There is NO
warranty; not even for MERCHANTABILITY or FITNESS FOR A PARTICULAR PURPOSE.

configure:3289: $? = 0
configure:3278: gcc -v >&5
Using built-in specs.
COLLECT_GCC=gcc
COLLECT_LTO_WRAPPER=/usr/lib/gcc/x86_64-linux-gnu/5/lto-wrapper
Target: x86_64-linux-gnu
Configured with: ../src/configure -v --with-pkgversion='Ubuntu 5.4.0-6ubuntu1~16.04.5' --with-bugurl=file:///usr/share/doc/gcc-5/README.Bugs --enable-languages=c,ada,c++,java,go,d,fortran,objc,obj-c++ --prefix=/usr --program-suffix=-5 --enable-shared --enable-linker-build-id --libexecdir=/usr/lib --without-included-gettext --enable-threads=posix --libdir=/usr/lib --enable-nls --with-sysroot=/ --enable-clocale=gnu --enable-libstdcxx-debug --enable-libstdcxx-time=yes --with-default-libstdcxx-abi=new --enable-gnu-unique-object --disable-vtable-verify --enable-libmpx --enable-plugin --with-system-zlib --disable-browser-plugin --enable-java-awt=gtk --enable-gtk-cairo --with-java-home=/usr/lib/jvm/java-1.5.0-gcj-5-amd64/jre --enable-java-home --with-jvm-root-dir=/usr/lib/jvm/java-1.5.0-gcj-5-amd64 --with-jvm-jar-dir=/usr/lib/jvm-exports/java-1.5.0-gcj-5-amd64 --with-arch-directory=amd64 --with-ecj-jar=/usr/share/java/eclipse-ecj.jar --enable-objc-gc --enable-multiarch --disable-werror --with-arch-32=i686 --with-abi=m64 --with-multilib-list=m32,m64,mx32 --enable-multilib --with-tune=generic --enable-checking=release --build=x86_64-linux-gnu --host=x86_64-linux-gnu --target=x86_64-linux-gnu
Thread model: posix
gcc version 5.4.0 20160609 (Ubuntu 5.4.0-6ubuntu1~16.04.5) 
configure:3289: $? = 0
configure:3278: gcc -V >&5
gcc: error: unrecognized command line option '-V'
gcc: fatal error: no input files
compilation terminated.
configure:3289: $? = 1
configure:3278: gcc -qversion >&5
gcc: error: unrecognized command line option '-qversion'
gcc: fatal error: no input files
compilation terminated.
configure:3289: $? = 1
configure:3309: checking whether the C compiler works
configure:3331: gcc    conftest.c  >&5
configure:3335: $? = 0
configure:3383: result: yes
configure:3386: checking for C compiler default output file name
configure:3388: result: a.out
configure:3394: checking for suffix of executables
configure:3401: gcc -o conftest    conftest.c  >&5
configure:3405: $? = 0
configure:3427: result: 
configure:3449: checking whether we are cross compiling
configure:3457: gcc -o conftest    conftest.c  >&5
configure:3461: $? = 0
configure:3468: ./conftest
configure:3472: $? = 0
configure:3487: result: no
configure:3492: checking for suffix of object files
configure:3514: gcc -c   conftest.c >&5
configure:3518: $? = 0
configure:3539: result: o
configure:3543: checking whether we are using the GNU C compiler
configure:3562: gcc -c   conftest.c >&5
configure:3562: $? = 0
configure:3571: result: yes
configure:3580: checking whether gcc accepts -g
configure:3600: gcc -c -g  conftest.c >&5
configure:3600: $? = 0
configure:3641: result: yes
configure:3658: checking for gcc option to accept ISO C89
configure:3721: gcc  -c -g -O2  conftest.c >&5
configure:3721: $? = 0
configure:3734: result: none needed
configure:3765: checking for style of include used by make
configure:3793: result: GNU
configure:3819: checking dependency style of gcc
configure:3930: result: gcc3
configure:3974: checking build system type
configure:3988: result: x86_64-unknown-linux-gnu
configure:4008: checking host system type
configure:4021: result: x86_64-unknown-linux-gnu
configure:4062: checking how to print strings
configure:4089: result: printf
configure:4110: checking for a sed that does not truncate output
configure:4174: result: /bin/sed
configure:4192: checking for grep that handles long lines and -e
configure:4250: result: /bin/grep
configure:4255: checking for egrep
configure:4317: result: /bin/grep -E
configure:4322: checking for fgrep
configure:4384: result: /bin/grep -F
configure:4419: checking for ld used by gcc
configure:4486: result: /usr/bin/ld
configure:4493: checking if the linker (/usr/bin/ld) is GNU ld
configure:4508: result: yes
configure:4520: checking for BSD- or MS-compatible name lister (nm)
configure:4569: result: /usr/bin/nm -B
configure:4699: checking the name lister (/usr/bin/nm -B) interface
configure:4706: gcc -c -g -O2  conftest.c >&5
configure:4709: /usr/bin/nm -B "conftest.o"
configure:4712: output
0000000000000000 B some_variable
configure:4719: result: BSD nm
configure:4722: checking whether ln -s works
configure:4726: result: yes
configure:4734: checking the maximum length of command line arguments
configure:4864: result: 1572864
configure:4881: checking whether the shell understands some XSI constructs
configure:4891: result: yes
configure:4895: checking whether the shell understands "+="
configure:4901: result: yes
configure:4936: checking how to convert x86_64-unknown-linux-gnu file names to x86_64-unknown-linux-gnu format
configure:4976: result: func_convert_file_noop
configure:4983: checking how to convert x86_64-unknown-linux-gnu file names to toolchain format
configure:5003: result: func_convert_file_noop
configure:5010: checking for /usr/bin/ld option to reload object files
configure:5017: result: -r
configure:5091: checking for objdump
configure:5107: found /usr/bin/objdump
configure:5118: result: objdump
configure:5150: checking how to recognize dependent libraries
configure:5352: result: pass_all
configure:5437: checking for dlltool
configure:5467: result: no
configure:5497: checking how to associate runtime and link libraries
configure:5524: result: printf %s\n
configure:5585: checking for ar
configure:5601: found /usr/bin/ar
configure:5612: result: ar
configure:5649: checking for archiver @FILE support
configure:5666: gcc -c -g -O2  conftest.c >&5
configure:5666: $? = 0
configure:5669: ar cru libconftest.a @conftest.lst >&5
ar: `u' modifier ignored since `D' is the default (see `U')
configure:5672: $? = 0
configure:5677: ar cru libconftest.a @conftest.lst >&5
ar: `u' modifier ignored since `D' is the default (see `U')
ar: conftest.o: No such file or directory
configure:5680: $? = 1
configure:5692: result: @
configure:5750: checking for strip
configure:5766: found /usr/bin/strip
configure:5777: result: strip
configure:5849: checking for ranlib
configure:5865: found /usr/bin/ranlib
configure:5876: result: ranlib
configure:5978: checking command to parse /usr/bin/nm -B output from gcc object
configure:6098: gcc -c -g -O2  conftest.c >&5
configure:6101: $? = 0
configure:6105: /usr/bin/nm -B conftest.o \| sed -n -e 's/^.*[ ]\([ABCDGIRSTW][ABCDGIRSTW]*\)[ ][ ]*\([_A-Za-z][_A-Za-z0-9]*\)$/\1 \2 \2/p' | sed '/ __gnu_lto/d' \> conftest.nm
configure:6108: $? = 0
configure:6174: gcc -o conftest -g -O2   conftest.c conftstm.o >&5
configure:6177: $? = 0
configure:6215: result: ok
configure:6252: checking for sysroot
configure:6282: result: no
configure:6359: gcc -c -g -O2  conftest.c >&5
configure:6362: $? = 0
configure:6538: checking for mt
configure:6554: found /bin/mt
configure:6565: result: mt
configure:6588: checking if mt is a manifest tool
configure:6594: mt '-?'
configure:6602: result: no
configure:7244: checking how to run the C preprocessor
configure:7275: gcc -E  conftest.c
configure:7275: $? = 0
configure:7289: gcc -E  conftest.c
conftest.c:11:28: fatal error: ac_nonexistent.h: No such file or directory
compilation terminated.
configure:7289: $? = 1
configure: failed program was:
| /* confdefs.h */
| #define PACKAGE_NAME "libfprint"
| #define PACKAGE_TARNAME "libfprint"
| #define PACKAGE_VERSION "0.5.1"
| #define PACKAGE_STRING "libfprint 0.5.1"
| #define PACKAGE_BUGREPORT ""
| #define PACKAGE_URL ""
| #define PACKAGE "libfprint"
| #define VERSION "0.5.1"
| /* end confdefs.h.  */
| #include <ac_nonexistent.h>
configure:7314: result: gcc -E
configure:7334: gcc -E  conftest.c
configure:7334: $? = 0
configure:7348: gcc -E  conftest.c
conftest.c:11:28: fatal error: ac_nonexistent.h: No such file or directory
compilation terminated.
configure:7348: $? = 1
configure: failed program was:
| /* confdefs.h */
| #define PACKAGE_NAME "libfprint"
| #define PACKAGE_TARNAME "libfprint"
| #define PACKAGE_VERSION "0.5.1"
| #define PACKAGE_STRING "libfprint 0.5.1"
| #define PACKAGE_BUGREPORT ""
| #define PACKAGE_URL ""
| #define PACKAGE "libfprint"
| #define VERSION "0.5.1"
| /* end confdefs.h.  */
| #include <ac_nonexistent.h>
configure:7377: checking for ANSI C header files
configure:7397: gcc -c -g -O2  conftest.c >&5
configure:7397: $? = 0
configure:7470: gcc -o conftest -g -O2   conftest.c  >&5
configure:7470: $? = 0
configure:7470: ./conftest
configure:7470: $? = 0
configure:7481: result: yes
configure:7494: checking for sys/types.h
configure:7494: gcc -c -g -O2  conftest.c >&5
configure:7494: $? = 0
configure:7494: result: yes
configure:7494: checking for sys/stat.h
configure:7494: gcc -c -g -O2  conftest.c >&5
configure:7494: $? = 0
configure:7494: result: yes
configure:7494: checking for stdlib.h
configure:7494: gcc -c -g -O2  conftest.c >&5
configure:7494: $? = 0
configure:7494: result: yes
configure:7494: checking for string.h
configure:7494: gcc -c -g -O2  conftest.c >&5
configure:7494: $? = 0
configure:7494: result: yes
configure:7494: checking for memory.h
configure:7494: gcc -c -g -O2  conftest.c >&5
configure:7494: $? = 0
configure:7494: result: yes
configure:7494: checking for strings.h
configure:7494: gcc -c -g -O2  conftest.c >&5
configure:7494: $? = 0
configure:7494: result: yes
configure:7494: checking for inttypes.h
configure:7494: gcc -c -g -O2  conftest.c >&5
configure:7494: $? = 0
configure:7494: result: yes
configure:7494: checking for stdint.h
configure:7494: gcc -c -g -O2  conftest.c >&5
configure:7494: $? = 0
configure:7494: result: yes
configure:7494: checking for unistd.h
configure:7494: gcc -c -g -O2  conftest.c >&5
configure:7494: $? = 0
configure:7494: result: yes
configure:7508: checking for dlfcn.h
configure:7508: gcc -c -g -O2  conftest.c >&5
configure:7508: $? = 0
configure:7508: result: yes
configure:7714: checking for objdir
configure:7729: result: .libs
configure:8000: checking if gcc supports -fno-rtti -fno-exceptions
configure:8018: gcc -c -g -O2  -fno-rtti -fno-exceptions conftest.c >&5
cc1: warning: command line option '-fno-rtti' is valid for C++/ObjC++ but not for C
configure:8022: $? = 0
configure:8035: result: no
configure:8362: checking for gcc option to produce PIC
configure:8369: result: -fPIC -DPIC
configure:8377: checking if gcc PIC flag -fPIC -DPIC works
configure:8395: gcc -c -g -O2  -fPIC -DPIC -DPIC conftest.c >&5
configure:8399: $? = 0
configure:8412: result: yes
configure:8441: checking if gcc static flag -static works
configure:8469: result: yes
configure:8484: checking if gcc supports -c -o file.o
configure:8505: gcc -c -g -O2  -o out/conftest2.o conftest.c >&5
configure:8509: $? = 0
configure:8531: result: yes
configure:8539: checking if gcc supports -c -o file.o
configure:8586: result: yes
configure:8619: checking whether the gcc linker (/usr/bin/ld -m elf_x86_64) supports shared libraries
configure:9772: result: yes
configure:9809: checking whether -lc should be explicitly linked in
configure:9817: gcc -c -g -O2  conftest.c >&5
configure:9820: $? = 0
configure:9835: gcc -shared  -fPIC -DPIC conftest.o  -v -Wl,-soname -Wl,conftest -o conftest 2\>\&1 \| /bin/grep  -lc  \>/dev/null 2\>\&1
configure:9838: $? = 0
configure:9852: result: no
configure:10012: checking dynamic linker characteristics
configure:10523: gcc -o conftest -g -O2   -Wl,-rpath -Wl,/foo conftest.c  >&5
configure:10523: $? = 0
configure:10749: result: GNU/Linux ld.so
configure:10856: checking how to hardcode library paths into programs
configure:10881: result: immediate
configure:11421: checking whether stripping libraries is possible
configure:11426: result: yes
configure:11461: checking if libtool supports shared libraries
configure:11463: result: yes
configure:11466: checking whether to build shared libraries
configure:11487: result: yes
configure:11490: checking whether to build static libraries
configure:11494: result: yes
configure:11531: checking for inline
configure:11547: gcc -c -g -O2  conftest.c >&5
configure:11547: $? = 0
configure:11555: result: inline
configure:11574: checking whether gcc and cc understand -c and -o together
configure:11605: gcc -c conftest.c -o conftest2.o >&5
configure:11609: $? = 0
configure:11615: gcc -c conftest.c -o conftest2.o >&5
configure:11619: $? = 0
configure:11630: cc -c conftest.c >&5
configure:11634: $? = 0
configure:11642: cc -c conftest.c -o conftest2.o >&5
configure:11646: $? = 0
configure:11652: cc -c conftest.c -o conftest2.o >&5
configure:11656: $? = 0
configure:11674: result: yes
configure:11757: checking for g++
configure:11773: found /usr/bin/g++
configure:11784: result: g++
configure:11811: checking for C++ compiler version
configure:11820: g++ --version >&5
g++ (Ubuntu 5.4.0-6ubuntu1~16.04.5) 5.4.0 20160609
Copyright (C) 2015 Free Software Foundation, Inc.
This is free software; see the source for copying conditions.  There is NO
warranty; not even for MERCHANTABILITY or FITNESS FOR A PARTICULAR PURPOSE.

configure:11831: $? = 0
configure:11820: g++ -v >&5
Using built-in specs.
COLLECT_GCC=g++
COLLECT_LTO_WRAPPER=/usr/lib/gcc/x86_64-linux-gnu/5/lto-wrapper
Target: x86_64-linux-gnu
Configured with: ../src/configure -v --with-pkgversion='Ubuntu 5.4.0-6ubuntu1~16.04.5' --with-bugurl=file:///usr/share/doc/gcc-5/README.Bugs --enable-languages=c,ada,c++,java,go,d,fortran,objc,obj-c++ --prefix=/usr --program-suffix=-5 --enable-shared --enable-linker-build-id --libexecdir=/usr/lib --without-included-gettext --enable-threads=posix --libdir=/usr/lib --enable-nls --with-sysroot=/ --enable-clocale=gnu --enable-libstdcxx-debug --enable-libstdcxx-time=yes --with-default-libstdcxx-abi=new --enable-gnu-unique-object --disable-vtable-verify --enable-libmpx --enable-plugin --with-system-zlib --disable-browser-plugin --enable-java-awt=gtk --enable-gtk-cairo --with-java-home=/usr/lib/jvm/java-1.5.0-gcj-5-amd64/jre --enable-java-home --with-jvm-root-dir=/usr/lib/jvm/java-1.5.0-gcj-5-amd64 --with-jvm-jar-dir=/usr/lib/jvm-exports/java-1.5.0-gcj-5-amd64 --with-arch-directory=amd64 --with-ecj-jar=/usr/share/java/eclipse-ecj.jar --enable-objc-gc --enable-multiarch --disable-werror --with-arch-32=i686 --with-abi=m64 --with-multilib-list=m32,m64,mx32 --enable-multilib --with-tune=generic --enable-checking=release --build=x86_64-linux-gnu --host=x86_64-linux-gnu --target=x86_64-linux-gnu
Thread model: posix
gcc version 5.4.0 20160609 (Ubuntu 5.4.0-6ubuntu1~16.04.5) 
configure:11831: $? = 0
configure:11820: g++ -V >&5
g++: error: unrecognized command line option '-V'
g++: fatal error: no input files
compilation terminated.
configure:11831: $? = 1
configure:11820: g++ -qversion >&5
g++: error: unrecognized command line option '-qversion'
g++: fatal error: no input files
compilation terminated.
configure:11831: $? = 1
configure:11835: checking whether we are using the GNU C++ compiler
configure:11854: g++ -c   conftest.cpp >&5
configure:11854: $? = 0
configure:11863: result: yes
configure:11872: checking whether g++ accepts -g
configure:11892: g++ -c -g  conftest.cpp >&5
configure:11892: $? = 0
configure:11933: result: yes
configure:11958: checking dependency style of g++
configure:12069: result: gcc3
configure:12102: checking how to run the C++ preprocessor
configure:12129: g++ -E  conftest.cpp
configure:12129: $? = 0
configure:12143: g++ -E  conftest.cpp
conftest.cpp:23:28: fatal error: ac_nonexistent.h: No such file or directory
compilation terminated.
configure:12143: $? = 1
configure: failed program was:
| /* confdefs.h */
| #define PACKAGE_NAME "libfprint"
| #define PACKAGE_TARNAME "libfprint"
| #define PACKAGE_VERSION "0.5.1"
| #define PACKAGE_STRING "libfprint 0.5.1"
| #define PACKAGE_BUGREPORT ""
| #define PACKAGE_URL ""
| #define PACKAGE "libfprint"
| #define VERSION "0.5.1"
| #define STDC_HEADERS 1
| #define HAVE_SYS_TYPES_H 1
| #define HAVE_SYS_STAT_H 1
| #define HAVE_STDLIB_H 1
| #define HAVE_STRING_H 1
| #define HAVE_MEMORY_H 1
| #define HAVE_STRINGS_H 1
| #define HAVE_INTTYPES_H 1
| #define HAVE_STDINT_H 1
| #define HAVE_UNISTD_H 1
| #define HAVE_DLFCN_H 1
| #define LT_OBJDIR ".libs/"
| /* end confdefs.h.  */
| #include <ac_nonexistent.h>
configure:12168: result: g++ -E
configure:12188: g++ -E  conftest.cpp
configure:12188: $? = 0
configure:12202: g++ -E  conftest.cpp
conftest.cpp:23:28: fatal error: ac_nonexistent.h: No such file or directory
compilation terminated.
configure:12202: $? = 1
configure: failed program was:
| /* confdefs.h */
| #define PACKAGE_NAME "libfprint"
| #define PACKAGE_TARNAME "libfprint"
| #define PACKAGE_VERSION "0.5.1"
| #define PACKAGE_STRING "libfprint 0.5.1"
| #define PACKAGE_BUGREPORT ""
| #define PACKAGE_URL ""
| #define PACKAGE "libfprint"
| #define VERSION "0.5.1"
| #define STDC_HEADERS 1
| #define HAVE_SYS_TYPES_H 1
| #define HAVE_SYS_STAT_H 1
| #define HAVE_STDLIB_H 1
| #define HAVE_STRING_H 1
| #define HAVE_MEMORY_H 1
| #define HAVE_STRINGS_H 1
| #define HAVE_INTTYPES_H 1
| #define HAVE_STDINT_H 1
| #define HAVE_UNISTD_H 1
| #define HAVE_DLFCN_H 1
| #define LT_OBJDIR ".libs/"
| /* end confdefs.h.  */
| #include <ac_nonexistent.h>
configure:12371: checking for ld used by g++
configure:12438: result: /usr/bin/ld -m elf_x86_64
configure:12445: checking if the linker (/usr/bin/ld -m elf_x86_64) is GNU ld
configure:12460: result: yes
configure:12515: checking whether the g++ linker (/usr/bin/ld -m elf_x86_64) supports shared libraries
configure:13520: result: yes
configure:13556: g++ -c -g -O2  conftest.cpp >&5
configure:13559: $? = 0
configure:14079: checking for g++ option to produce PIC
configure:14086: result: -fPIC -DPIC
configure:14094: checking if g++ PIC flag -fPIC -DPIC works
configure:14112: g++ -c -g -O2  -fPIC -DPIC -DPIC conftest.cpp >&5
configure:14116: $? = 0
configure:14129: result: yes
configure:14152: checking if g++ static flag -static works
configure:14180: result: yes
configure:14192: checking if g++ supports -c -o file.o
configure:14213: g++ -c -g -O2  -o out/conftest2.o conftest.cpp >&5
configure:14217: $? = 0
configure:14239: result: yes
configure:14244: checking if g++ supports -c -o file.o
configure:14291: result: yes
configure:14321: checking whether the g++ linker (/usr/bin/ld -m elf_x86_64) supports shared libraries
configure:14357: result: yes
configure:14498: checking dynamic linker characteristics
configure:15169: result: GNU/Linux ld.so
configure:15222: checking how to hardcode library paths into programs
configure:15247: result: immediate
configure:15630: checking for pkg-config
configure:15648: found /usr/bin/pkg-config
configure:15660: result: /usr/bin/pkg-config
configure:15685: checking pkg-config is at least version 0.9.0
configure:15688: result: yes
configure:15698: checking for LIBUSB
configure:15705: $PKG_CONFIG --exists --print-errors "libusb-1.0 >= 0.9.1"
configure:15708: $? = 0
configure:15722: $PKG_CONFIG --exists --print-errors "libusb-1.0 >= 0.9.1"
configure:15725: $? = 0
configure:15783: result: yes
configure:15793: checking for CRYPTO
configure:15800: $PKG_CONFIG --exists --print-errors "nss"
configure:15803: $? = 0
configure:15817: $PKG_CONFIG --exists --print-errors "nss"
configure:15820: $? = 0
configure:15878: result: yes
configure:15887: checking for GLIB
configure:15894: $PKG_CONFIG --exists --print-errors "glib-2.0 >= 2.28"
configure:15897: $? = 0
configure:15911: $PKG_CONFIG --exists --print-errors "glib-2.0 >= 2.28"
configure:15914: $? = 0
configure:15972: result: yes
configure:16017: installing udev rules in /lib/udev/rules.d
configure:16025: checking for IMAGING
configure:16032: $PKG_CONFIG --exists --print-errors "gthread-2.0 gdk-pixbuf-2.0"
configure:16035: $? = 0
configure:16049: $PKG_CONFIG --exists --print-errors "gthread-2.0 gdk-pixbuf-2.0"
configure:16052: $? = 0
configure:16090: result: yes
configure:16307: gcc -c -g -O2 -fgnu89-inline  conftest.c >&5
configure:16307: $? = 0
configure:16323: ** Using gdk-pixbuf for imaging
configure:16335: ** upekts driver enabled
configure:16342: ** upeke2 driver enabled
configure:16349: ** upektc driver enabled
configure:16356: ** upeksonly driver enabled
configure:16363: ** vcom5s driver enabled
configure:16370: ** uru4000 driver enabled
configure:16380:    fdu2000 driver disabled
configure:16384: ** aes1610 driver enabled
configure:16391: ** aes1660 driver enabled
configure:16398: ** aes2501 driver enabled
configure:16405: ** aes2550/aes2810 driver enabled
configure:16412: ** aes2660 driver enabled
configure:16419: ** aes4000 driver enabled
configure:16426: ** vfs101 driver enabled
configure:16433: ** vfs301 driver enabled
configure:16440: ** aeslib helper functions enabled
configure:16447: ** aesX660 common routines enabled
configure:16565: checking that generated files are newer than configure
configure:16571: result: done
configure:16686: creating ./config.status

## ---------------------- ##
## Running config.status. ##
## ---------------------- ##

This file was extended by libfprint config.status 0.5.1, which was
generated by GNU Autoconf 2.69.  Invocation command line was

  CONFIG_FILES    = 
  CONFIG_HEADERS  = 
  CONFIG_LINKS    = 
  CONFIG_COMMANDS = 
  $ ./config.status 

on enock-OMEN-by-HP-Laptop

config.status:1227: creating libfprint.pc
config.status:1227: creating Makefile
config.status:1227: creating libfprint/Makefile
config.status:1227: creating examples/Makefile
config.status:1227: creating doc/Makefile
config.status:1227: creating config.h
config.status:1456: executing depfiles commands
config.status:1456: executing libtool commands

## ---------------- ##
## Cache variables. ##
## ---------------- ##

ac_cv_build=x86_64-unknown-linux-gnu
ac_cv_c_compiler_gnu=yes
ac_cv_c_inline=inline
ac_cv_cxx_compiler_gnu=yes
ac_cv_env_CCC_set=
ac_cv_env_CCC_value=
ac_cv_env_CC_set=
ac_cv_env_CC_value=
ac_cv_env_CFLAGS_set=
ac_cv_env_CFLAGS_value=
ac_cv_env_CPPFLAGS_set=
ac_cv_env_CPPFLAGS_value=
ac_cv_env_CPP_set=
ac_cv_env_CPP_value=
ac_cv_env_CRYPTO_CFLAGS_set=
ac_cv_env_CRYPTO_CFLAGS_value=
ac_cv_env_CRYPTO_LIBS_set=
ac_cv_env_CRYPTO_LIBS_value=
ac_cv_env_CXXCPP_set=
ac_cv_env_CXXCPP_value=
ac_cv_env_CXXFLAGS_set=
ac_cv_env_CXXFLAGS_value=
ac_cv_env_CXX_set=
ac_cv_env_CXX_value=
ac_cv_env_GLIB_CFLAGS_set=
ac_cv_env_GLIB_CFLAGS_value=
ac_cv_env_GLIB_LIBS_set=
ac_cv_env_GLIB_LIBS_value=
ac_cv_env_IMAGING_CFLAGS_set=
ac_cv_env_IMAGING_CFLAGS_value=
ac_cv_env_IMAGING_LIBS_set=
ac_cv_env_IMAGING_LIBS_value=
ac_cv_env_LDFLAGS_set=
ac_cv_env_LDFLAGS_value=
ac_cv_env_LIBS_set=
ac_cv_env_LIBS_value=
ac_cv_env_LIBUSB_CFLAGS_set=
ac_cv_env_LIBUSB_CFLAGS_value=
ac_cv_env_LIBUSB_LIBS_set=
ac_cv_env_LIBUSB_LIBS_value=
ac_cv_env_PKG_CONFIG_LIBDIR_set=
ac_cv_env_PKG_CONFIG_LIBDIR_value=
ac_cv_env_PKG_CONFIG_PATH_set=
ac_cv_env_PKG_CONFIG_PATH_value=
ac_cv_env_PKG_CONFIG_set=
ac_cv_env_PKG_CONFIG_value=
ac_cv_env_build_alias_set=
ac_cv_env_build_alias_value=
ac_cv_env_host_alias_set=
ac_cv_env_host_alias_value=
ac_cv_env_target_alias_set=
ac_cv_env_target_alias_value=
ac_cv_header_dlfcn_h=yes
ac_cv_header_inttypes_h=yes
ac_cv_header_memory_h=yes
ac_cv_header_stdc=yes
ac_cv_header_stdint_h=yes
ac_cv_header_stdlib_h=yes
ac_cv_header_string_h=yes
ac_cv_header_strings_h=yes
ac_cv_header_sys_stat_h=yes
ac_cv_header_sys_types_h=yes
ac_cv_header_unistd_h=yes
ac_cv_host=x86_64-unknown-linux-gnu
ac_cv_objext=o
ac_cv_path_EGREP='/bin/grep -E'
ac_cv_path_FGREP='/bin/grep -F'
ac_cv_path_GREP=/bin/grep
ac_cv_path_SED=/bin/sed
ac_cv_path_ac_pt_PKG_CONFIG=/usr/bin/pkg-config
ac_cv_path_install='/usr/bin/install -c'
ac_cv_path_mkdir=/bin/mkdir
ac_cv_prog_AWK=mawk
ac_cv_prog_CPP='gcc -E'
ac_cv_prog_CXXCPP='g++ -E'
ac_cv_prog_ac_ct_AR=ar
ac_cv_prog_ac_ct_CC=gcc
ac_cv_prog_ac_ct_CXX=g++
ac_cv_prog_ac_ct_MANIFEST_TOOL=mt
ac_cv_prog_ac_ct_OBJDUMP=objdump
ac_cv_prog_ac_ct_RANLIB=ranlib
ac_cv_prog_ac_ct_STRIP=strip
ac_cv_prog_cc_c89=
ac_cv_prog_cc_g=yes
ac_cv_prog_cc_gcc_c_o=yes
ac_cv_prog_cxx_g=yes
ac_cv_prog_make_make_set=yes
am_cv_CC_dependencies_compiler_type=gcc3
am_cv_CXX_dependencies_compiler_type=gcc3
am_cv_make_support_nested_variables=yes
lt_cv_ar_at_file=@
lt_cv_archive_cmds_need_lc=no
lt_cv_deplibs_check_method=pass_all
lt_cv_file_magic_cmd='$MAGIC_CMD'
lt_cv_file_magic_test_file=
lt_cv_ld_reload_flag=-r
lt_cv_nm_interface='BSD nm'
lt_cv_objdir=.libs
lt_cv_path_LD=/usr/bin/ld
lt_cv_path_LDCXX='/usr/bin/ld -m elf_x86_64'
lt_cv_path_NM='/usr/bin/nm -B'
lt_cv_path_mainfest_tool=no
lt_cv_prog_compiler_c_o=yes
lt_cv_prog_compiler_c_o_CXX=yes
lt_cv_prog_compiler_pic='-fPIC -DPIC'
lt_cv_prog_compiler_pic_CXX='-fPIC -DPIC'
lt_cv_prog_compiler_pic_works=yes
lt_cv_prog_compiler_pic_works_CXX=yes
lt_cv_prog_compiler_rtti_exceptions=no
lt_cv_prog_compiler_static_works=yes
lt_cv_prog_compiler_static_works_CXX=yes
lt_cv_prog_gnu_ld=yes
lt_cv_prog_gnu_ldcxx=yes
lt_cv_sharedlib_from_linklib_cmd='printf %s\n'
lt_cv_shlibpath_overrides_runpath=no
lt_cv_sys_global_symbol_pipe='sed -n -e '\''s/^.*[	 ]\([ABCDGIRSTW][ABCDGIRSTW]*\)[	 ][	 ]*\([_A-Za-z][_A-Za-z0-9]*\)$/\1 \2 \2/p'\'' | sed '\''/ __gnu_lto/d'\'''
lt_cv_sys_global_symbol_to_c_name_address='sed -n -e '\''s/^: \([^ ]*\)[ ]*$/  {\"\1\", (void *) 0},/p'\'' -e '\''s/^[ABCDGIRSTW]* \([^ ]*\) \([^ ]*\)$/  {"\2", (void *) \&\2},/p'\'''
lt_cv_sys_global_symbol_to_c_name_address_lib_prefix='sed -n -e '\''s/^: \([^ ]*\)[ ]*$/  {\"\1\", (void *) 0},/p'\'' -e '\''s/^[ABCDGIRSTW]* \([^ ]*\) \(lib[^ ]*\)$/  {"\2", (void *) \&\2},/p'\'' -e '\''s/^[ABCDGIRSTW]* \([^ ]*\) \([^ ]*\)$/  {"lib\2", (void *) \&\2},/p'\'''
lt_cv_sys_global_symbol_to_cdecl='sed -n -e '\''s/^T .* \(.*\)$/extern int \1();/p'\'' -e '\''s/^[ABCDGIRSTW]* .* \(.*\)$/extern char \1;/p'\'''
lt_cv_sys_max_cmd_len=1572864
lt_cv_to_host_file_cmd=func_convert_file_noop
lt_cv_to_tool_file_cmd=func_convert_file_noop
pkg_cv_CRYPTO_CFLAGS='-I/usr/include/nss -I/usr/include/nspr'
pkg_cv_CRYPTO_LIBS='-lnss3 -lnssutil3 -lsmime3 -lssl3 -lplds4 -lplc4 -lnspr4'
pkg_cv_GLIB_CFLAGS='-I/usr/include/glib-2.0 -I/usr/lib/x86_64-linux-gnu/glib-2.0/include'
pkg_cv_GLIB_LIBS=-lglib-2.0
pkg_cv_IMAGING_CFLAGS='-pthread -I/usr/include/gdk-pixbuf-2.0 -I/usr/include/libpng12 -I/usr/include/glib-2.0 -I/usr/lib/x86_64-linux-gnu/glib-2.0/include'
pkg_cv_IMAGING_LIBS='-lgthread-2.0 -pthread -lgdk_pixbuf-2.0 -lgobject-2.0 -lglib-2.0'
pkg_cv_LIBUSB_CFLAGS=-I/usr/include/libusb-1.0
pkg_cv_LIBUSB_LIBS=-lusb-1.0

## ----------------- ##
## Output variables. ##
## ----------------- ##

ACLOCAL='${SHELL} /home/enock/projects/openmrs-module-muzimabiometrics/fingerprint/librararies/libfprint-0.5.1/missing aclocal-1.13'
AMDEPBACKSLASH='\'
AMDEP_FALSE='#'
AMDEP_TRUE=''
AMTAR='$${TAR-tar}'
AM_BACKSLASH='\'
AM_CFLAGS='-std=gnu99 -fgnu89-inline -Wall -Wundef -Wunused -Wstrict-prototypes -Werror-implicit-function-declaration -Wno-pointer-sign -Wshadow'
AM_DEFAULT_V='$(AM_DEFAULT_VERBOSITY)'
AM_DEFAULT_VERBOSITY='0'
AM_V='$(V)'
AR='ar'
AUTOCONF='${SHELL} /home/enock/projects/openmrs-module-muzimabiometrics/fingerprint/librararies/libfprint-0.5.1/missing autoconf'
AUTOHEADER='${SHELL} /home/enock/projects/openmrs-module-muzimabiometrics/fingerprint/librararies/libfprint-0.5.1/missing autoheader'
AUTOMAKE='${SHELL} /home/enock/projects/openmrs-module-muzimabiometrics/fingerprint/librararies/libfprint-0.5.1/missing automake-1.13'
AWK='mawk'
BUILD_EXAMPLES_FALSE=''
BUILD_EXAMPLES_TRUE='#'
BUILD_X11_EXAMPLES_FALSE=''
BUILD_X11_EXAMPLES_TRUE='#'
CC='gcc'
CCDEPMODE='depmode=gcc3'
CFLAGS='-g -O2'
CPP='gcc -E'
CPPFLAGS=''
CRYPTO_CFLAGS='-I/usr/include/nss -I/usr/include/nspr'
CRYPTO_LIBS='-lnss3 -lnssutil3 -lsmime3 -lssl3 -lplds4 -lplc4 -lnspr4'
CXX='g++'
CXXCPP='g++ -E'
CXXDEPMODE='depmode=gcc3'
CXXFLAGS='-g -O2'
CYGPATH_W='echo'
DEFS='-DHAVE_CONFIG_H'
DEPDIR='.deps'
DLLTOOL='false'
DSYMUTIL=''
DUMPBIN=''
ECHO_C=''
ECHO_N='-n'
ECHO_T=''
EGREP='/bin/grep -E'
ENABLE_AES1610_FALSE='#'
ENABLE_AES1610_TRUE=''
ENABLE_AES1660_FALSE='#'
ENABLE_AES1660_TRUE=''
ENABLE_AES2501_FALSE='#'
ENABLE_AES2501_TRUE=''
ENABLE_AES2550_FALSE='#'
ENABLE_AES2550_TRUE=''
ENABLE_AES2660_FALSE='#'
ENABLE_AES2660_TRUE=''
ENABLE_AES4000_FALSE='#'
ENABLE_AES4000_TRUE=''
ENABLE_FDU2000_FALSE=''
ENABLE_FDU2000_TRUE='#'
ENABLE_UDEV_RULES_FALSE='#'
ENABLE_UDEV_RULES_TRUE=''
ENABLE_UPEKE2_FALSE='#'
ENABLE_UPEKE2_TRUE=''
ENABLE_UPEKSONLY_FALSE='#'
ENABLE_UPEKSONLY_TRUE=''
ENABLE_UPEKTC_FALSE='#'
ENABLE_UPEKTC_TRUE=''
ENABLE_UPEKTS_FALSE='#'
ENABLE_UPEKTS_TRUE=''
ENABLE_URU4000_FALSE='#'
ENABLE_URU4000_TRUE=''
ENABLE_VCOM5S_FALSE='#'
ENABLE_VCOM5S_TRUE=''
ENABLE_VFS101_FALSE='#'
ENABLE_VFS101_TRUE=''
ENABLE_VFS301_FALSE='#'
ENABLE_VFS301_TRUE=''
EXEEXT=''
FGREP='/bin/grep -F'
GLIB_CFLAGS='-I/usr/include/glib-2.0 -I/usr/lib/x86_64-linux-gnu/glib-2.0/include'
GLIB_LIBS='-lglib-2.0'
GREP='/bin/grep'
IMAGING_CFLAGS='-pthread -I/usr/include/gdk-pixbuf-2.0 -I/usr/include/libpng12 -I/usr/include/glib-2.0 -I/usr/lib/x86_64-linux-gnu/glib-2.0/include'
IMAGING_LIBS='-lgthread-2.0 -pthread -lgdk_pixbuf-2.0 -lgobject-2.0 -lglib-2.0'
INSTALL_DATA='${INSTALL} -m 644'
INSTALL_PROGRAM='${INSTALL}'
INSTALL_SCRIPT='${INSTALL}'
INSTALL_STRIP_PROGRAM='$(install_sh) -c -s'
LD='/usr/bin/ld -m elf_x86_64'
LDFLAGS=''
LIBOBJS=''
LIBS=''
LIBTOOL='$(SHELL) $(top_builddir)/libtool'
LIBUSB_CFLAGS='-I/usr/include/libusb-1.0'
LIBUSB_LIBS='-lusb-1.0'
LIPO=''
LN_S='ln -s'
LTLIBOBJS=''
MAKEINFO='${SHELL} /home/enock/projects/openmrs-module-muzimabiometrics/fingerprint/librararies/libfprint-0.5.1/missing makeinfo'
MANIFEST_TOOL=':'
MKDIR_P='/bin/mkdir -p'
NM='/usr/bin/nm -B'
NMEDIT=''
OBJDUMP='objdump'
OBJEXT='o'
OTOOL64=''
OTOOL=''
PACKAGE='libfprint'
PACKAGE_BUGREPORT=''
PACKAGE_NAME='libfprint'
PACKAGE_STRING='libfprint 0.5.1'
PACKAGE_TARNAME='libfprint'
PACKAGE_URL=''
PACKAGE_VERSION='0.5.1'
PATH_SEPARATOR=':'
PKG_CONFIG='/usr/bin/pkg-config'
PKG_CONFIG_LIBDIR=''
PKG_CONFIG_PATH=''
RANLIB='ranlib'
REQUIRE_AESLIB_FALSE='#'
REQUIRE_AESLIB_TRUE=''
REQUIRE_AESX660_FALSE='#'
REQUIRE_AESX660_TRUE=''
REQUIRE_GDKPIXBUF_FALSE='#'
REQUIRE_GDKPIXBUF_TRUE=''
REQUIRE_IMAGEMAGICK_FALSE=''
REQUIRE_IMAGEMAGICK_TRUE='#'
SED='/bin/sed'
SET_MAKE=''
SHELL='/bin/bash'
STRIP='strip'
VERSION='0.5.1'
XV_CFLAGS=''
XV_LIBS=''
ac_ct_AR='ar'
ac_ct_CC='gcc'
ac_ct_CXX='g++'
ac_ct_DUMPBIN=''
am__EXEEXT_FALSE=''
am__EXEEXT_TRUE='#'
am__fastdepCC_FALSE='#'
am__fastdepCC_TRUE=''
am__fastdepCXX_FALSE='#'
am__fastdepCXX_TRUE=''
am__include='include'
am__isrc=''
am__leading_dot='.'
am__nodep='_no'
am__quote=''
am__tar='$${TAR-tar} chof - "$$tardir"'
am__untar='$${TAR-tar} xf -'
bindir='${exec_prefix}/bin'
build='x86_64-unknown-linux-gnu'
build_alias=''
build_cpu='x86_64'
build_os='linux-gnu'
build_vendor='unknown'
datadir='${datarootdir}'
datarootdir='${prefix}/share'
docdir='${datarootdir}/doc/${PACKAGE_TARNAME}'
dvidir='${docdir}'
exec_prefix='${prefix}'
host='x86_64-unknown-linux-gnu'
host_alias=''
host_cpu='x86_64'
host_os='linux-gnu'
host_vendor='unknown'
htmldir='${docdir}'
includedir='${prefix}/include'
infodir='${datarootdir}/info'
install_sh='${SHELL} /home/enock/projects/openmrs-module-muzimabiometrics/fingerprint/librararies/libfprint-0.5.1/install-sh'
libdir='${exec_prefix}/lib'
libexecdir='${exec_prefix}/libexec'
localedir='${datarootdir}/locale'
localstatedir='${prefix}/var'
lt_age='0'
lt_major='0'
lt_revision='0'
mandir='${datarootdir}/man'
mkdir_p='$(MKDIR_P)'
oldincludedir='/usr/include'
pdfdir='${docdir}'
prefix='/usr'
program_transform_name='s,x,x,'
psdir='${docdir}'
sbindir='${exec_prefix}/sbin'
sharedstatedir='${prefix}/com'
sysconfdir='${prefix}/etc'
target_alias=''
udev_rulesdir='/lib/udev/rules.d'

## ----------- ##
## confdefs.h. ##
## ----------- ##

/* confdefs.h */
#define PACKAGE_NAME "libfprint"
#define PACKAGE_TARNAME "libfprint"
#define PACKAGE_VERSION "0.5.1"
#define PACKAGE_STRING "libfprint 0.5.1"
#define PACKAGE_BUGREPORT ""
#define PACKAGE_URL ""
#define PACKAGE "libfprint"
#define VERSION "0.5.1"
#define STDC_HEADERS 1
#define HAVE_SYS_TYPES_H 1
#define HAVE_SYS_STAT_H 1
#define HAVE_STDLIB_H 1
#define HAVE_STRING_H 1
#define HAVE_MEMORY_H 1
#define HAVE_STRINGS_H 1
#define HAVE_INTTYPES_H 1
#define HAVE_STDINT_H 1
#define HAVE_UNISTD_H 1
#define HAVE_DLFCN_H 1
#define LT_OBJDIR ".libs/"
#define _GNU_SOURCE /**/
#define ENABLE_UPEKE2 /**/
#define ENABLE_UPEKTS /**/
#define ENABLE_UPEKTC /**/
#define ENABLE_UPEKSONLY /**/
#define ENABLE_VCOM5S /**/
#define ENABLE_URU4000 /**/
#define ENABLE_FDU2000 /**/
#define ENABLE_AES1610 /**/
#define ENABLE_AES1660 /**/
#define ENABLE_AES2501 /**/
#define ENABLE_AES2550 /**/
#define ENABLE_AES2660 /**/
#define ENABLE_AES4000 /**/
#define ENABLE_VFS101 /**/
#define ENABLE_VFS301 /**/
#define ENABLE_LOGGING 1
#define API_EXPORTED __attribute__((visibility("default")))

configure: exit 0
